\BOOKMARK [1][-]{section.1}{\376\377\142\147\210\114\144\130\211\201\000\040\000|\000\040\000E\000x\000e\000c\000u\000t\000i\000v\000e\000\040\000S\000u\000m\000m\000a\000r\000y}{}% 1
\BOOKMARK [2][-]{subsection.1.1}{\376\377\116\073\211\201\123\321\163\260\000\040\000|\000\040\000K\000e\000y\000\040\000F\000i\000n\000d\000i\000n\000g\000s}{section.1}% 2
\BOOKMARK [1][-]{section.2}{\376\377\170\024\172\166\116\272\177\244\162\171\137\201\000\040\000|\000\040\000S\000t\000u\000d\000y\000\040\000P\000o\000p\000u\000l\000a\000t\000i\000o\000n\000\040\000C\000h\000a\000r\000a\000c\000t\000e\000r\000i\000s\000t\000i\000c\000s}{}% 3
\BOOKMARK [2][-]{subsection.2.1}{\376\377\150\067\147\054\221\317\122\006\136\003\000\040\000|\000\040\000S\000a\000m\000p\000l\000e\000\040\000S\000i\000z\000e\000\040\000D\000i\000s\000t\000r\000i\000b\000u\000t\000i\000o\000n}{section.2}% 4
\BOOKMARK [2][-]{subsection.2.2}{\376\377\136\164\237\204\122\006\136\003\000\040\000|\000\040\000A\000g\000e\000\040\000D\000i\000s\000t\000r\000i\000b\000u\000t\000i\000o\000n}{section.2}% 5
\BOOKMARK [1][-]{section.3}{\376\377\140\073\117\123\165\276\165\305\140\243\165\305\163\207\000\040\000|\000\040\000O\000v\000e\000r\000a\000l\000l\000\040\000D\000i\000s\000e\000a\000s\000e\000\040\000P\000r\000e\000v\000a\000l\000e\000n\000c\000e}{}% 6
\BOOKMARK [2][-]{subsection.3.1}{\376\377\116\272\177\244\140\073\117\123\140\243\165\305\163\207\377\010\124\053\0009\0005\000\045\177\156\117\341\123\072\225\364\377\011\000|\000\040\000P\000o\000p\000u\000l\000a\000t\000i\000o\000n\000-\000W\000i\000d\000e\000\040\000P\000r\000e\000v\000a\000l\000e\000n\000c\000e\000\040\000\050\000w\000i\000t\000h\000\040\0009\0005\000\045\000\040\000C\000o\000n\000f\000i\000d\000e\000n\000c\000e\000\040\000I\000n\000t\000e\000r\000v\000a\000l\000s\000\051}{section.3}% 7
\BOOKMARK [1][-]{section.4}{\376\377\143\011\171\315\145\317\177\244\117\123\122\006\174\173\166\204\165\276\165\305\140\243\165\305\163\207\000\040\000|\000\040\000D\000i\000s\000e\000a\000s\000e\000\040\000P\000r\000e\000v\000a\000l\000e\000n\000c\000e\000\040\000b\000y\000\040\000E\000t\000h\000n\000i\000c\000\040\000G\000r\000o\000u\000p}{}% 8
\BOOKMARK [2][-]{subsection.4.1}{\376\377\227\122\121\111\167\074\000\040\000|\000\040\000G\000l\000a\000u\000c\000o\000m\000a}{section.4}% 9
\BOOKMARK [2][-]{subsection.4.2}{\376\377\136\164\237\204\166\370\121\163\140\047\236\304\145\221\123\330\140\047\000\040\000|\000\040\000A\000g\000e\000-\000r\000e\000l\000a\000t\000e\000d\000\040\000M\000a\000c\000u\000l\000a\000r\000\040\000D\000e\000g\000e\000n\000e\000r\000a\000t\000i\000o\000n}{section.4}% 10
\BOOKMARK [2][-]{subsection.4.3}{\376\377\131\026\124\150\122\250\201\011\165\276\165\305\165\307\162\266\000\040\000|\000\040\000P\000e\000r\000i\000p\000h\000e\000r\000a\000l\000\040\000A\000r\000t\000e\000r\000y\000\040\000D\000i\000s\000e\000a\000s\000e\000\040\000S\000y\000m\000p\000t\000o\000m\000s}{section.4}% 11
\BOOKMARK [1][-]{section.5}{\376\377\176\337\213\241\122\006\147\220\000\040\000|\000\040\000S\000t\000a\000t\000i\000s\000t\000i\000c\000a\000l\000\040\000A\000n\000a\000l\000y\000s\000i\000s}{}% 12
\BOOKMARK [2][-]{subsection.5.1}{\376\377\120\107\213\276\150\300\232\214\000\040\000|\000\040\000H\000y\000p\000o\000t\000h\000e\000s\000i\000s\000\040\000T\000e\000s\000t\000i\000n\000g}{section.5}% 13
\BOOKMARK [2][-]{subsection.5.2}{\376\377\131\032\221\315\150\300\232\214\150\041\153\143\000\040\000|\000\040\000M\000u\000l\000t\000i\000p\000l\000e\000\040\000T\000e\000s\000t\000i\000n\000g\000\040\000C\000o\000r\000r\000e\000c\000t\000i\000o\000n}{section.5}% 14
\BOOKMARK [1][-]{section.6}{\376\377\136\164\237\204\214\003\145\164\122\006\147\220\000\040\000|\000\040\000A\000g\000e\000-\000A\000d\000j\000u\000s\000t\000e\000d\000\040\000A\000n\000a\000l\000y\000s\000i\000s}{}% 15
\BOOKMARK [2][-]{subsection.6.1}{\376\377\150\007\121\306\123\026\140\243\165\305\163\207\153\324\377\010\000S\000P\000R\377\011\000|\000\040\000S\000t\000a\000n\000d\000a\000r\000d\000i\000z\000e\000d\000\040\000P\000r\000e\000v\000a\000l\000e\000n\000c\000e\000\040\000R\000a\000t\000i\000o\000s\000\040\000\050\000S\000P\000R\000\051}{section.6}% 16
\BOOKMARK [1][-]{section.7}{\376\377\165\276\165\305\166\370\121\163\140\047\124\214\121\161\165\305\152\041\137\017\000\040\000|\000\040\000D\000i\000s\000e\000a\000s\000e\000\040\000C\000o\000r\000r\000e\000l\000a\000t\000i\000o\000n\000\040\000a\000n\000d\000\040\000C\000o\000m\000o\000r\000b\000i\000d\000i\000t\000y\000\040\000P\000a\000t\000t\000e\000r\000n\000s}{}% 17
\BOOKMARK [2][-]{subsection.7.1}{\376\377\165\276\165\305\166\370\121\163\140\047\000\040\000|\000\040\000D\000i\000s\000e\000a\000s\000e\000\040\000C\000o\000r\000r\000e\000l\000a\000t\000i\000o\000n\000s}{section.7}% 18
\BOOKMARK [2][-]{subsection.7.2}{\376\377\121\161\165\305\215\037\142\305\000\040\000|\000\040\000C\000o\000m\000o\000r\000b\000i\000d\000i\000t\000y\000\040\000B\000u\000r\000d\000e\000n}{section.7}% 19
\BOOKMARK [1][-]{section.8}{\376\377\116\073\142\020\122\006\122\006\147\220\000\040\000|\000\040\000P\000r\000i\000n\000c\000i\000p\000a\000l\000\040\000C\000o\000m\000p\000o\000n\000e\000n\000t\000\040\000A\000n\000a\000l\000y\000s\000i\000s}{}% 20
\BOOKMARK [1][-]{section.9}{\376\377\116\064\136\212\141\017\116\111\124\214\136\372\213\256\000\040\000|\000\040\000C\000l\000i\000n\000i\000c\000a\000l\000\040\000I\000m\000p\000l\000i\000c\000a\000t\000i\000o\000n\000s\000\040\000a\000n\000d\000\040\000R\000e\000c\000o\000m\000m\000e\000n\000d\000a\000t\000i\000o\000n\000s}{}% 21
\BOOKMARK [2][-]{subsection.9.1}{\376\377\224\210\133\371\140\047\173\133\147\345\166\204\232\330\117\030\121\110\176\247\177\244\117\123\000\040\000|\000\040\000H\000i\000g\000h\000-\000P\000r\000i\000o\000r\000i\000t\000y\000\040\000G\000r\000o\000u\000p\000s\000\040\000f\000o\000r\000\040\000T\000a\000r\000g\000e\000t\000e\000d\000\040\000S\000c\000r\000e\000e\000n\000i\000n\000g}{section.9}% 22
\BOOKMARK [2][-]{subsection.9.2}{\376\377\170\024\172\166\134\100\226\120\140\047\000\040\000|\000\040\000S\000t\000u\000d\000y\000\040\000L\000i\000m\000i\000t\000a\000t\000i\000o\000n\000s}{section.9}% 23
\BOOKMARK [2][-]{subsection.9.3}{\376\377\147\052\147\145\170\024\172\166\136\372\213\256\000\040\000|\000\040\000R\000e\000c\000o\000m\000m\000e\000n\000d\000a\000t\000i\000o\000n\000s\000\040\000f\000o\000r\000\040\000F\000u\000t\000u\000r\000e\000\040\000R\000e\000s\000e\000a\000r\000c\000h}{section.9}% 24
\BOOKMARK [1][-]{section.10}{\376\377\176\323\213\272\000\040\000|\000\040\000C\000o\000n\000c\000l\000u\000s\000i\000o\000n\000s}{}% 25
